0 verbose cli C:\Program Files\nodejs\node.exe C:\Program Files\nodejs\node_modules\npm\bin\npm-cli.js
1 info using npm@10.9.4
2 info using node@v22.21.0
3 silly config load:file:C:\Program Files\nodejs\node_modules\npm\npmrc
4 silly config load:file:C:\Users\asus\OneDrive\Documents\campus-service-project\.npmrc
5 silly config load:file:C:\Users\asus\.npmrc
6 silly config load:file:C:\Users\asus\AppData\Roaming\npm\etc\npmrc
7 verbose title npm install
8 verbose argv "install" "--cache" ".\\.npm-cache"
9 verbose logfile logs-max:10 dir:C:\Users\asus\OneDrive\Documents\campus-service-project\.npm-cache\_logs\2026-06-29T16_57_35_920Z-
10 verbose logfile C:\Users\asus\OneDrive\Documents\campus-service-project\.npm-cache\_logs\2026-06-29T16_57_35_920Z-debug-0.log
11 silly logfile done cleaning log files
12 silly packumentCache heap:2197815296 maxSize:549453824 maxEntrySize:274726912
13 silly idealTree buildDeps
14 silly fetch manifest @vitejs/plugin-react@^4.3.4
15 silly packumentCache full:https://registry.npmjs.org/@vitejs%2fplugin-react cache-miss
16 http fetch GET 200 https://registry.npmjs.org/@vitejs%2fplugin-react 1126ms (cache miss)
17 silly packumentCache full:https://registry.npmjs.org/@vitejs%2fplugin-react set size:undefined disposed:false
18 silly fetch manifest vite@^6.0.5
19 silly packumentCache full:https://registry.npmjs.org/vite cache-miss
20 http fetch GET 200 https://registry.npmjs.org/npm 17238ms
21 http fetch GET 200 https://registry.npmjs.org/vite 33765ms (cache miss)
22 silly packumentCache full:https://registry.npmjs.org/vite set size:undefined disposed:false
23 silly fetch manifest @types/node@^18.0.0 || ^20.0.0 || >=22.0.0
24 silly packumentCache full:https://registry.npmjs.org/@types%2fnode cache-miss
25 http fetch GET 200 https://registry.npmjs.org/@types%2fnode 7016ms (cache miss)
26 silly packumentCache full:https://registry.npmjs.org/@types%2fnode set size:undefined disposed:false
27 silly fetch manifest jiti@>=1.21.0
28 silly packumentCache full:https://registry.npmjs.org/jiti cache-miss
29 http fetch GET 200 https://registry.npmjs.org/jiti 297ms (cache miss)
30 silly packumentCache full:https://registry.npmjs.org/jiti set size:undefined disposed:false
31 silly fetch manifest less@*
32 silly packumentCache full:https://registry.npmjs.org/less cache-miss
33 http fetch GET 200 https://registry.npmjs.org/less 410ms (cache miss)
34 silly packumentCache full:https://registry.npmjs.org/less set size:undefined disposed:false
35 silly fetch manifest lightningcss@^1.21.0
36 silly packumentCache full:https://registry.npmjs.org/lightningcss cache-miss
37 http fetch GET 200 https://registry.npmjs.org/lightningcss 1709ms (cache miss)
38 silly packumentCache full:https://registry.npmjs.org/lightningcss set size:undefined disposed:false
39 silly fetch manifest sass@*
40 silly packumentCache full:https://registry.npmjs.org/sass cache-miss
41 http fetch GET 200 https://registry.npmjs.org/sass 2205ms (cache miss)
42 silly packumentCache full:https://registry.npmjs.org/sass set size:undefined disposed:false
43 silly fetch manifest sass-embedded@*
44 silly packumentCache full:https://registry.npmjs.org/sass-embedded cache-miss
45 http fetch GET 200 https://registry.npmjs.org/sass-embedded 3485ms (cache miss)
46 silly packumentCache full:https://registry.npmjs.org/sass-embedded set size:undefined disposed:false
47 silly fetch manifest stylus@*
48 silly packumentCache full:https://registry.npmjs.org/stylus cache-miss
49 http fetch GET 200 https://registry.npmjs.org/stylus 303ms (cache miss)
50 silly packumentCache full:https://registry.npmjs.org/stylus set size:undefined disposed:false
51 silly fetch manifest sugarss@*
52 silly packumentCache full:https://registry.npmjs.org/sugarss cache-miss
53 http fetch GET 200 https://registry.npmjs.org/sugarss 165ms (cache miss)
54 silly packumentCache full:https://registry.npmjs.org/sugarss set size:undefined disposed:false
55 silly fetch manifest postcss@^8.3.3
56 silly packumentCache full:https://registry.npmjs.org/postcss cache-miss
57 http fetch GET 200 https://registry.npmjs.org/postcss 606ms (cache miss)
58 silly packumentCache full:https://registry.npmjs.org/postcss set size:undefined disposed:false
59 silly fetch manifest terser@^5.16.0
60 silly packumentCache full:https://registry.npmjs.org/terser cache-miss
61 http fetch GET 200 https://registry.npmjs.org/terser 815ms (cache miss)
62 silly packumentCache full:https://registry.npmjs.org/terser set size:undefined disposed:false
63 silly fetch manifest tsx@^4.8.1
64 silly packumentCache full:https://registry.npmjs.org/tsx cache-miss
65 http fetch GET 200 https://registry.npmjs.org/tsx 442ms (cache miss)
66 silly packumentCache full:https://registry.npmjs.org/tsx set size:undefined disposed:false
67 silly fetch manifest yaml@^2.4.2
68 silly packumentCache full:https://registry.npmjs.org/yaml cache-miss
69 http fetch GET 200 https://registry.npmjs.org/yaml 444ms (cache miss)
70 silly packumentCache full:https://registry.npmjs.org/yaml set size:undefined disposed:false
71 silly fetch manifest typescript@^5.7.2
72 silly packumentCache full:https://registry.npmjs.org/typescript cache-miss
73 http fetch GET 200 https://registry.npmjs.org/typescript 23389ms (cache miss)
74 silly packumentCache full:https://registry.npmjs.org/typescript set size:undefined disposed:false
75 silly fetch manifest react@^19.0.0
76 silly packumentCache full:https://registry.npmjs.org/react cache-miss
77 http fetch GET 200 https://registry.npmjs.org/react 7004ms (cache miss)
78 silly packumentCache full:https://registry.npmjs.org/react set size:undefined disposed:false
79 silly fetch manifest react-dom@^19.0.0
80 silly packumentCache full:https://registry.npmjs.org/react-dom cache-miss
81 http fetch GET 200 https://registry.npmjs.org/react-dom 5659ms (cache miss)
82 silly packumentCache full:https://registry.npmjs.org/react-dom set size:undefined disposed:false
83 silly fetch manifest @testing-library/jest-dom@^6.6.3
84 silly packumentCache full:https://registry.npmjs.org/@testing-library%2fjest-dom cache-miss
85 http fetch GET 200 https://registry.npmjs.org/@testing-library%2fjest-dom 322ms (cache miss)
86 silly packumentCache full:https://registry.npmjs.org/@testing-library%2fjest-dom set size:undefined disposed:false
87 silly fetch manifest @testing-library/react@^16.1.0
88 silly packumentCache full:https://registry.npmjs.org/@testing-library%2freact cache-miss
89 http fetch GET 200 https://registry.npmjs.org/@testing-library%2freact 404ms (cache miss)
90 silly packumentCache full:https://registry.npmjs.org/@testing-library%2freact set size:undefined disposed:false
91 silly fetch manifest @testing-library/dom@^10.0.0
92 silly packumentCache full:https://registry.npmjs.org/@testing-library%2fdom cache-miss
93 http fetch GET 200 https://registry.npmjs.org/@testing-library%2fdom 748ms (cache miss)
94 silly packumentCache full:https://registry.npmjs.org/@testing-library%2fdom set size:undefined disposed:false
95 silly fetch manifest @types/react@^19.0.2
96 silly packumentCache full:https://registry.npmjs.org/@types%2freact cache-miss
97 http fetch GET 200 https://registry.npmjs.org/@types%2freact 3463ms (cache miss)
98 silly packumentCache full:https://registry.npmjs.org/@types%2freact set size:undefined disposed:false
99 silly fetch manifest @types/react-dom@^19.0.2
100 silly packumentCache full:https://registry.npmjs.org/@types%2freact-dom cache-miss
101 http fetch GET 200 https://registry.npmjs.org/@types%2freact-dom 468ms (cache miss)
102 silly packumentCache full:https://registry.npmjs.org/@types%2freact-dom set size:undefined disposed:false
103 silly fetch manifest @testing-library/user-event@^14.5.2
104 silly packumentCache full:https://registry.npmjs.org/@testing-library%2fuser-event cache-miss
105 http fetch GET 200 https://registry.npmjs.org/@testing-library%2fuser-event 564ms (cache miss)
106 silly packumentCache full:https://registry.npmjs.org/@testing-library%2fuser-event set size:undefined disposed:false
107 silly fetch manifest @testing-library/dom@>=7.21.4
108 silly packumentCache full:https://registry.npmjs.org/@testing-library%2fdom cache-miss
109 http cache https://registry.npmjs.org/@testing-library%2fdom 30ms (cache hit)
110 silly packumentCache full:https://registry.npmjs.org/@testing-library%2fdom set size:1097547 disposed:false
111 silly fetch manifest jsdom@^25.0.1
112 silly packumentCache full:https://registry.npmjs.org/jsdom cache-miss
113 http fetch GET 200 https://registry.npmjs.org/jsdom 834ms (cache miss)
114 silly packumentCache full:https://registry.npmjs.org/jsdom set size:undefined disposed:false
115 silly fetch manifest canvas@^2.11.2
116 silly packumentCache full:https://registry.npmjs.org/canvas cache-miss
117 http fetch GET 200 https://registry.npmjs.org/canvas 4881ms (cache miss)
118 silly packumentCache full:https://registry.npmjs.org/canvas set size:undefined disposed:false
119 silly fetch manifest vitest@^2.1.8
120 silly packumentCache full:https://registry.npmjs.org/vitest cache-miss
121 http fetch GET 200 https://registry.npmjs.org/vitest 5160ms (cache miss)
122 silly packumentCache full:https://registry.npmjs.org/vitest set size:undefined disposed:false
123 silly fetch manifest @edge-runtime/vm@*
124 silly packumentCache full:https://registry.npmjs.org/@edge-runtime%2fvm cache-miss
125 http fetch GET 200 https://registry.npmjs.org/@edge-runtime%2fvm 672ms (cache miss)
126 silly packumentCache full:https://registry.npmjs.org/@edge-runtime%2fvm set size:undefined disposed:false
127 silly fetch manifest @types/node@^18.0.0 || >=20.0.0
128 silly packumentCache full:https://registry.npmjs.org/@types%2fnode cache-miss
129 http cache https://registry.npmjs.org/@types%2fnode 42ms (cache hit)
130 silly packumentCache full:https://registry.npmjs.org/@types%2fnode set size:11062724 disposed:false
131 silly fetch manifest @vitest/browser@2.1.9
132 silly packumentCache full:https://registry.npmjs.org/@vitest%2fbrowser cache-miss
133 http fetch GET 200 https://registry.npmjs.org/@vitest%2fbrowser 1271ms (cache miss)
134 silly packumentCache full:https://registry.npmjs.org/@vitest%2fbrowser set size:undefined disposed:false
135 silly fetch manifest playwright@*
136 silly packumentCache full:https://registry.npmjs.org/playwright cache-miss
