0 verbose cli C:\Program Files\nodejs\node.exe C:\Program Files\nodejs\node_modules\npm\bin\npm-cli.js
1 info using npm@10.9.4
2 info using node@v22.21.0
3 silly config load:file:C:\Program Files\nodejs\node_modules\npm\npmrc
4 silly config load:file:C:\Users\asus\OneDrive\Documents\campus-service-project\.npmrc
5 silly config load:file:C:\Users\asus\.npmrc
6 silly config load:file:C:\Users\asus\AppData\Roaming\npm\etc\npmrc
7 verbose title npm install
8 verbose argv "install" "--cache" ".\\.npm-cache"
9 verbose logfile logs-max:10 dir:C:\Users\asus\OneDrive\Documents\campus-service-project\.npm-cache\_logs\2026-06-29T17_06_35_271Z-
10 verbose logfile C:\Users\asus\OneDrive\Documents\campus-service-project\.npm-cache\_logs\2026-06-29T17_06_35_271Z-debug-0.log
11 silly logfile done cleaning log files
12 silly packumentCache heap:2197815296 maxSize:549453824 maxEntrySize:274726912
13 silly idealTree buildDeps
14 silly fetch manifest vite@^5.4.11
15 silly packumentCache full:https://registry.npmjs.org/vite cache-miss
16 verbose shrinkwrap failed to load node_modules/.package-lock.json out of date, updated: node_modules
17 http fetch GET 200 https://registry.npmjs.org/vite 717ms (cache revalidated)
18 silly packumentCache full:https://registry.npmjs.org/vite set size:38879745 disposed:false
19 silly fetch manifest @types/node@^18.0.0 || >=20.0.0
20 silly packumentCache full:https://registry.npmjs.org/@types%2fnode cache-miss
21 http fetch GET 200 https://registry.npmjs.org/@types%2fnode 203ms (cache revalidated)
22 silly packumentCache full:https://registry.npmjs.org/@types%2fnode set size:11062724 disposed:false
23 silly fetch manifest less@*
24 silly packumentCache full:https://registry.npmjs.org/less cache-miss
25 http fetch GET 200 https://registry.npmjs.org/less 112ms (cache revalidated)
26 silly packumentCache full:https://registry.npmjs.org/less set size:476819 disposed:false
27 silly fetch manifest lightningcss@^1.21.0
28 silly packumentCache full:https://registry.npmjs.org/lightningcss cache-miss
29 http fetch GET 200 https://registry.npmjs.org/lightningcss 110ms (cache revalidated)
30 silly packumentCache full:https://registry.npmjs.org/lightningcss set size:186753 disposed:false
31 silly fetch manifest sass@*
32 silly packumentCache full:https://registry.npmjs.org/sass cache-miss
33 http fetch GET 200 https://registry.npmjs.org/sass 134ms (cache revalidated)
34 silly packumentCache full:https://registry.npmjs.org/sass set size:730445 disposed:false
35 silly fetch manifest sass-embedded@*
36 silly packumentCache full:https://registry.npmjs.org/sass-embedded cache-miss
37 http fetch GET 200 https://registry.npmjs.org/sass-embedded 154ms (cache revalidated)
38 silly packumentCache full:https://registry.npmjs.org/sass-embedded set size:419718 disposed:false
39 silly fetch manifest stylus@*
40 silly packumentCache full:https://registry.npmjs.org/stylus cache-miss
41 http fetch GET 200 https://registry.npmjs.org/stylus 201ms (cache revalidated)
42 silly packumentCache full:https://registry.npmjs.org/stylus set size:286766 disposed:false
43 silly fetch manifest sugarss@*
44 silly packumentCache full:https://registry.npmjs.org/sugarss cache-miss
45 http fetch GET 200 https://registry.npmjs.org/sugarss 202ms (cache revalidated)
46 silly packumentCache full:https://registry.npmjs.org/sugarss set size:44975 disposed:false
47 silly fetch manifest postcss@^8.3.3
48 silly packumentCache full:https://registry.npmjs.org/postcss cache-miss
49 http fetch GET 200 https://registry.npmjs.org/postcss 116ms (cache revalidated)
50 silly packumentCache full:https://registry.npmjs.org/postcss set size:726591 disposed:false
51 silly fetch manifest terser@^5.4.0
52 silly packumentCache full:https://registry.npmjs.org/terser cache-miss
53 http fetch GET 200 https://registry.npmjs.org/terser 178ms (cache revalidated)
54 silly packumentCache full:https://registry.npmjs.org/terser set size:803566 disposed:false
55 silly placeDep ROOT vite@5.4.21 REPLACE for: campus-maintenance@0.1.0 want: ^5.4.11
56 silly fetch manifest esbuild@^0.21.3
57 silly packumentCache full:https://registry.npmjs.org/esbuild cache-miss
58 http fetch GET 200 https://registry.npmjs.org/esbuild 177ms (cache revalidated)
59 silly packumentCache full:https://registry.npmjs.org/esbuild set size:1259608 disposed:false
60 silly placeDep ROOT esbuild@0.21.5 OK for: vite@5.4.21 want: ^0.21.3
61 silly fetch manifest @esbuild/aix-ppc64@0.21.5
62 silly packumentCache full:https://registry.npmjs.org/@esbuild%2faix-ppc64 cache-miss
63 silly fetch manifest @esbuild/linux-arm@0.21.5
64 silly packumentCache full:https://registry.npmjs.org/@esbuild%2flinux-arm cache-miss
65 silly fetch manifest @esbuild/linux-x64@0.21.5
66 silly packumentCache full:https://registry.npmjs.org/@esbuild%2flinux-x64 cache-miss
67 silly fetch manifest @esbuild/sunos-x64@0.21.5
68 silly packumentCache full:https://registry.npmjs.org/@esbuild%2fsunos-x64 cache-miss
69 silly fetch manifest @esbuild/win32-x64@0.21.5
70 silly packumentCache full:https://registry.npmjs.org/@esbuild%2fwin32-x64 cache-miss
71 silly fetch manifest @esbuild/darwin-x64@0.21.5
72 silly packumentCache full:https://registry.npmjs.org/@esbuild%2fdarwin-x64 cache-miss
73 silly fetch manifest @esbuild/linux-ia32@0.21.5
74 silly packumentCache full:https://registry.npmjs.org/@esbuild%2flinux-ia32 cache-miss
75 silly fetch manifest @esbuild/netbsd-x64@0.21.5
76 silly packumentCache full:https://registry.npmjs.org/@esbuild%2fnetbsd-x64 cache-miss
77 silly fetch manifest @esbuild/win32-ia32@0.21.5
78 silly packumentCache full:https://registry.npmjs.org/@esbuild%2fwin32-ia32 cache-miss
79 silly fetch manifest @esbuild/android-arm@0.21.5
80 silly packumentCache full:https://registry.npmjs.org/@esbuild%2fandroid-arm cache-miss
81 silly fetch manifest @esbuild/android-x64@0.21.5
82 silly packumentCache full:https://registry.npmjs.org/@esbuild%2fandroid-x64 cache-miss
83 silly fetch manifest @esbuild/freebsd-x64@0.21.5
84 silly packumentCache full:https://registry.npmjs.org/@esbuild%2ffreebsd-x64 cache-miss
85 silly fetch manifest @esbuild/linux-arm64@0.21.5
86 silly packumentCache full:https://registry.npmjs.org/@esbuild%2flinux-arm64 cache-miss
87 silly fetch manifest @esbuild/linux-ppc64@0.21.5
88 silly packumentCache full:https://registry.npmjs.org/@esbuild%2flinux-ppc64 cache-miss
89 silly fetch manifest @esbuild/linux-s390x@0.21.5
90 silly packumentCache full:https://registry.npmjs.org/@esbuild%2flinux-s390x cache-miss
91 http fetch GET 200 https://registry.npmjs.org/@esbuild%2faix-ppc64 164ms (cache revalidated)
92 silly packumentCache full:https://registry.npmjs.org/@esbuild%2faix-ppc64 set size:65972 disposed:false
93 silly fetch manifest @esbuild/openbsd-x64@0.21.5
94 silly packumentCache full:https://registry.npmjs.org/@esbuild%2fopenbsd-x64 cache-miss
95 http fetch GET 200 https://registry.npmjs.org/@esbuild%2fopenbsd-x64 122ms (cache revalidated)
96 silly packumentCache full:https://registry.npmjs.org/@esbuild%2fopenbsd-x64 set size:198745 disposed:false
97 silly fetch manifest @esbuild/win32-arm64@0.21.5
98 silly packumentCache full:https://registry.npmjs.org/@esbuild%2fwin32-arm64 cache-miss
99 http fetch GET 200 https://registry.npmjs.org/@esbuild%2flinux-arm 319ms (cache revalidated)
100 silly packumentCache full:https://registry.npmjs.org/@esbuild%2flinux-arm set size:196784 disposed:false
101 silly fetch manifest @esbuild/darwin-arm64@0.21.5
102 silly packumentCache full:https://registry.npmjs.org/@esbuild%2fdarwin-arm64 cache-miss
103 http fetch GET 200 https://registry.npmjs.org/@esbuild%2flinux-x64 324ms (cache revalidated)
104 silly packumentCache full:https://registry.npmjs.org/@esbuild%2flinux-x64 set size:197126 disposed:false
105 silly fetch manifest @esbuild/android-arm64@0.21.5
106 silly packumentCache full:https://registry.npmjs.org/@esbuild%2fandroid-arm64 cache-miss
107 http fetch GET 200 https://registry.npmjs.org/@esbuild%2fsunos-x64 331ms (cache revalidated)
108 silly packumentCache full:https://registry.npmjs.org/@esbuild%2fsunos-x64 set size:197370 disposed:false
109 silly fetch manifest @esbuild/freebsd-arm64@0.21.5
110 silly packumentCache full:https://registry.npmjs.org/@esbuild%2ffreebsd-arm64 cache-miss
111 http fetch GET 200 https://registry.npmjs.org/@esbuild%2fwin32-x64 334ms (cache revalidated)
112 silly packumentCache full:https://registry.npmjs.org/@esbuild%2fwin32-x64 set size:195722 disposed:false
113 silly fetch manifest @esbuild/linux-loong64@0.21.5
114 silly packumentCache full:https://registry.npmjs.org/@esbuild%2flinux-loong64 cache-miss
115 http fetch GET 200 https://registry.npmjs.org/@esbuild%2fwin32-ia32 340ms (cache revalidated)
116 silly packumentCache full:https://registry.npmjs.org/@esbuild%2fwin32-ia32 set size:198030 disposed:false
117 silly fetch manifest @esbuild/linux-riscv64@0.21.5
118 silly packumentCache full:https://registry.npmjs.org/@esbuild%2flinux-riscv64 cache-miss
119 http fetch GET 200 https://registry.npmjs.org/@esbuild%2fdarwin-x64 345ms (cache revalidated)
120 silly packumentCache full:https://registry.npmjs.org/@esbuild%2fdarwin-x64 set size:197848 disposed:false
121 silly fetch manifest @esbuild/linux-mips64el@0.21.5
122 silly packumentCache full:https://registry.npmjs.org/@esbuild%2flinux-mips64el cache-miss
123 http fetch GET 200 https://registry.npmjs.org/@esbuild%2fandroid-arm 351ms (cache revalidated)
124 silly packumentCache full:https://registry.npmjs.org/@esbuild%2fandroid-arm set size:223400 disposed:false
125 http fetch GET 200 https://registry.npmjs.org/@esbuild%2flinux-s390x 353ms (cache revalidated)
126 silly packumentCache full:https://registry.npmjs.org/@esbuild%2flinux-s390x set size:200463 disposed:false
127 http fetch GET 200 https://registry.npmjs.org/@esbuild%2fandroid-x64 373ms (cache revalidated)
128 silly packumentCache full:https://registry.npmjs.org/@esbuild%2fandroid-x64 set size:197200 disposed:false
129 http fetch GET 200 https://registry.npmjs.org/@esbuild%2ffreebsd-x64 377ms (cache revalidated)
130 silly packumentCache full:https://registry.npmjs.org/@esbuild%2ffreebsd-x64 set size:198734 disposed:false
131 http fetch GET 200 https://registry.npmjs.org/@esbuild%2flinux-ppc64 400ms (cache revalidated)
132 silly packumentCache full:https://registry.npmjs.org/@esbuild%2flinux-ppc64 set size:200994 disposed:false
133 http fetch GET 200 https://registry.npmjs.org/@esbuild%2fwin32-arm64 126ms (cache revalidated)
134 silly packumentCache full:https://registry.npmjs.org/@esbuild%2fwin32-arm64 set size:199171 disposed:false
135 http fetch GET 200 https://registry.npmjs.org/@esbuild%2flinux-loong64 130ms (cache revalidated)
136 silly packumentCache full:https://registry.npmjs.org/@esbuild%2flinux-loong64 set size:253896 disposed:false
137 http fetch GET 200 https://registry.npmjs.org/@esbuild%2ffreebsd-arm64 138ms (cache revalidated)
138 silly packumentCache full:https://registry.npmjs.org/@esbuild%2ffreebsd-arm64 set size:200534 disposed:false
139 http fetch GET 200 https://registry.npmjs.org/@esbuild%2flinux-riscv64 135ms (cache revalidated)
140 silly packumentCache full:https://registry.npmjs.org/@esbuild%2flinux-riscv64 set size:200662 disposed:false
141 http fetch GET 200 https://registry.npmjs.org/@esbuild%2flinux-mips64el 135ms (cache revalidated)
142 silly packumentCache full:https://registry.npmjs.org/@esbuild%2flinux-mips64el set size:202764 disposed:false
143 http fetch GET 200 https://registry.npmjs.org/@esbuild%2fandroid-arm64 160ms (cache revalidated)
144 silly packumentCache full:https://registry.npmjs.org/@esbuild%2fandroid-arm64 set size:202366 disposed:false
145 http fetch GET 200 https://registry.npmjs.org/@esbuild%2fdarwin-arm64 188ms (cache revalidated)
146 silly packumentCache full:https://registry.npmjs.org/@esbuild%2fdarwin-arm64 set size:199630 disposed:false
147 http fetch GET 200 https://registry.npmjs.org/@esbuild%2flinux-ia32 557ms (cache revalidated)
148 silly packumentCache full:https://registry.npmjs.org/@esbuild%2flinux-ia32 set size:197805 disposed:false
149 http fetch GET 200 https://registry.npmjs.org/@esbuild%2flinux-arm64 569ms (cache revalidated)
150 silly packumentCache full:https://registry.npmjs.org/@esbuild%2flinux-arm64 set size:198939 disposed:false
151 http fetch GET 200 https://registry.npmjs.org/@esbuild%2fnetbsd-x64 631ms (cache revalidated)
152 silly packumentCache full:https://registry.npmjs.org/@esbuild%2fnetbsd-x64 set size:195514 disposed:false
153 silly placeDep ROOT @esbuild/aix-ppc64@0.21.5 OK for: esbuild@0.21.5 want: 0.21.5
154 silly placeDep ROOT @esbuild/android-arm@0.21.5 OK for: esbuild@0.21.5 want: 0.21.5
155 silly placeDep ROOT @esbuild/android-arm64@0.21.5 OK for: esbuild@0.21.5 want: 0.21.5
156 silly placeDep ROOT @esbuild/android-x64@0.21.5 OK for: esbuild@0.21.5 want: 0.21.5
157 silly placeDep ROOT @esbuild/darwin-arm64@0.21.5 OK for: esbuild@0.21.5 want: 0.21.5
158 silly placeDep ROOT @esbuild/darwin-x64@0.21.5 OK for: esbuild@0.21.5 want: 0.21.5
159 silly placeDep ROOT @esbuild/freebsd-arm64@0.21.5 OK for: esbuild@0.21.5 want: 0.21.5
160 silly placeDep ROOT @esbuild/freebsd-x64@0.21.5 OK for: esbuild@0.21.5 want: 0.21.5
161 silly placeDep ROOT @esbuild/linux-arm@0.21.5 OK for: esbuild@0.21.5 want: 0.21.5
162 silly placeDep ROOT @esbuild/linux-arm64@0.21.5 OK for: esbuild@0.21.5 want: 0.21.5
163 silly placeDep ROOT @esbuild/linux-ia32@0.21.5 OK for: esbuild@0.21.5 want: 0.21.5
164 silly placeDep ROOT @esbuild/linux-loong64@0.21.5 OK for: esbuild@0.21.5 want: 0.21.5
165 silly placeDep ROOT @esbuild/linux-mips64el@0.21.5 OK for: esbuild@0.21.5 want: 0.21.5
166 silly placeDep ROOT @esbuild/linux-ppc64@0.21.5 OK for: esbuild@0.21.5 want: 0.21.5
167 silly placeDep ROOT @esbuild/linux-riscv64@0.21.5 OK for: esbuild@0.21.5 want: 0.21.5
168 silly placeDep ROOT @esbuild/linux-s390x@0.21.5 OK for: esbuild@0.21.5 want: 0.21.5
169 silly placeDep ROOT @esbuild/linux-x64@0.21.5 OK for: esbuild@0.21.5 want: 0.21.5
170 silly placeDep ROOT @esbuild/netbsd-x64@0.21.5 OK for: esbuild@0.21.5 want: 0.21.5
171 silly placeDep ROOT @esbuild/openbsd-x64@0.21.5 OK for: esbuild@0.21.5 want: 0.21.5
172 silly placeDep ROOT @esbuild/sunos-x64@0.21.5 OK for: esbuild@0.21.5 want: 0.21.5
173 silly placeDep ROOT @esbuild/win32-arm64@0.21.5 OK for: esbuild@0.21.5 want: 0.21.5
174 silly placeDep ROOT @esbuild/win32-ia32@0.21.5 OK for: esbuild@0.21.5 want: 0.21.5
175 silly placeDep ROOT @esbuild/win32-x64@0.21.5 OK for: esbuild@0.21.5 want: 0.21.5
176 silly reify mark retired [
176 silly reify   'C:\\Users\\asus\\OneDrive\\Documents\\campus-service-project\\node_modules\\esbuild',
176 silly reify   'C:\\Users\\asus\\OneDrive\\Documents\\campus-service-project\\node_modules\\.bin\\esbuild',
176 silly reify   'C:\\Users\\asus\\OneDrive\\Documents\\campus-service-project\\node_modules\\.bin\\esbuild.cmd',
176 silly reify   'C:\\Users\\asus\\OneDrive\\Documents\\campus-service-project\\node_modules\\.bin\\esbuild.ps1'
176 silly reify ]
177 silly reify mark retired [
177 silly reify   'C:\\Users\\asus\\OneDrive\\Documents\\campus-service-project\\node_modules\\fdir'
177 silly reify ]
178 silly reify mark retired [
178 silly reify   'C:\\Users\\asus\\OneDrive\\Documents\\campus-service-project\\node_modules\\picomatch'
178 silly reify ]
179 silly reify mark retired [
179 silly reify   'C:\\Users\\asus\\OneDrive\\Documents\\campus-service-project\\node_modules\\tinyglobby'
179 silly reify ]
180 silly reify mark retired [
180 silly reify   'C:\\Users\\asus\\OneDrive\\Documents\\campus-service-project\\node_modules\\vitest\\node_modules\\esbuild',
180 silly reify   'C:\\Users\\asus\\OneDrive\\Documents\\campus-service-project\\node_modules\\vitest\\node_modules\\.bin\\esbuild',
180 silly reify   'C:\\Users\\asus\\OneDrive\\Documents\\campus-service-project\\node_modules\\vitest\\node_modules\\.bin\\esbuild.cmd',
180 silly reify   'C:\\Users\\asus\\OneDrive\\Documents\\campus-service-project\\node_modules\\vitest\\node_modules\\.bin\\esbuild.ps1'
180 silly reify ]
181 silly reify mark retired [
181 silly reify   'C:\\Users\\asus\\OneDrive\\Documents\\campus-service-project\\node_modules\\vitest\\node_modules\\vite',
181 silly reify   'C:\\Users\\asus\\OneDrive\\Documents\\campus-service-project\\node_modules\\vitest\\node_modules\\.bin\\vite',
181 silly reify   'C:\\Users\\asus\\OneDrive\\Documents\\campus-service-project\\node_modules\\vitest\\node_modules\\.bin\\vite.cmd',
181 silly reify   'C:\\Users\\asus\\OneDrive\\Documents\\campus-service-project\\node_modules\\vitest\\node_modules\\.bin\\vite.ps1'
181 silly reify ]
182 silly reify mark retired [
182 silly reify   'C:\\Users\\asus\\OneDrive\\Documents\\campus-service-project\\node_modules\\vitest\\node_modules\\@esbuild\\win32-x64'
182 silly reify ]
183 silly reify mark retired [
183 silly reify   'C:\\Users\\asus\\OneDrive\\Documents\\campus-service-project\\node_modules\\vite',
183 silly reify   'C:\\Users\\asus\\OneDrive\\Documents\\campus-service-project\\node_modules\\.bin\\vite',
183 silly reify   'C:\\Users\\asus\\OneDrive\\Documents\\campus-service-project\\node_modules\\.bin\\vite.cmd',
183 silly reify   'C:\\Users\\asus\\OneDrive\\Documents\\campus-service-project\\node_modules\\.bin\\vite.ps1'
183 silly reify ]
184 silly reify mark retired [
184 silly reify   'C:\\Users\\asus\\OneDrive\\Documents\\campus-service-project\\node_modules\\vite-node\\node_modules\\vite',
184 silly reify   'C:\\Users\\asus\\OneDrive\\Documents\\campus-service-project\\node_modules\\vite-node\\node_modules\\.bin\\vite',
184 silly reify   'C:\\Users\\asus\\OneDrive\\Documents\\campus-service-project\\node_modules\\vite-node\\node_modules\\.bin\\vite.cmd',
184 silly reify   'C:\\Users\\asus\\OneDrive\\Documents\\campus-service-project\\node_modules\\vite-node\\node_modules\\.bin\\vite.ps1'
184 silly reify ]
185 silly reify mark retired [
185 silly reify   'C:\\Users\\asus\\OneDrive\\Documents\\campus-service-project\\node_modules\\vite-node\\node_modules\\esbuild',
185 silly reify   'C:\\Users\\asus\\OneDrive\\Documents\\campus-service-project\\node_modules\\vite-node\\node_modules\\.bin\\esbuild',
185 silly reify   'C:\\Users\\asus\\OneDrive\\Documents\\campus-service-project\\node_modules\\vite-node\\node_modules\\.bin\\esbuild.cmd',
185 silly reify   'C:\\Users\\asus\\OneDrive\\Documents\\campus-service-project\\node_modules\\vite-node\\node_modules\\.bin\\esbuild.ps1'
185 silly reify ]
186 silly reify mark retired [
186 silly reify   'C:\\Users\\asus\\OneDrive\\Documents\\campus-service-project\\node_modules\\vite-node\\node_modules\\@esbuild\\win32-x64'
186 silly reify ]
187 silly reify mark retired [
187 silly reify   'C:\\Users\\asus\\OneDrive\\Documents\\campus-service-project\\node_modules\\@esbuild\\win32-x64'
187 silly reify ]
188 silly reify moves {
188 silly reify   'C:\\Users\\asus\\OneDrive\\Documents\\campus-service-project\\node_modules\\esbuild': 'C:\\Users\\asus\\OneDrive\\Documents\\campus-service-project\\node_modules\\.esbuild-KnYu9R8z',
188 silly reify   'C:\\Users\\asus\\OneDrive\\Documents\\campus-service-project\\node_modules\\.bin\\esbuild': 'C:\\Users\\asus\\OneDrive\\Documents\\campus-service-project\\node_modules\\.bin\\.esbuild-bKp3Xxh6',
188 silly reify   'C:\\Users\\asus\\OneDrive\\Documents\\campus-service-project\\node_modules\\.bin\\esbuild.cmd': 'C:\\Users\\asus\\OneDrive\\Documents\\campus-service-project\\node_modules\\.bin\\.esbuild.cmd-BivgESxf',
188 silly reify   'C:\\Users\\asus\\OneDrive\\Documents\\campus-service-project\\node_modules\\.bin\\esbuild.ps1': 'C:\\Users\\asus\\OneDrive\\Documents\\campus-service-project\\node_modules\\.bin\\.esbuild.ps1-NwCDc2Bj',
188 silly reify   'C:\\Users\\asus\\OneDrive\\Documents\\campus-service-project\\node_modules\\fdir': 'C:\\Users\\asus\\OneDrive\\Documents\\campus-service-project\\node_modules\\.fdir-L16ziOJk',
188 silly reify   'C:\\Users\\asus\\OneDrive\\Documents\\campus-service-project\\node_modules\\picomatch': 'C:\\Users\\asus\\OneDrive\\Documents\\campus-service-project\\node_modules\\.picomatch-RwGLy12M',
188 silly reify   'C:\\Users\\asus\\OneDrive\\Documents\\campus-service-project\\node_modules\\tinyglobby': 'C:\\Users\\asus\\OneDrive\\Documents\\campus-service-project\\node_modules\\.tinyglobby-lwkSmeNL',
188 silly reify   'C:\\Users\\asus\\OneDrive\\Documents\\campus-service-project\\node_modules\\vitest\\node_modules\\esbuild': 'C:\\Users\\asus\\OneDrive\\Documents\\campus-service-project\\node_modules\\vitest\\node_modules\\.esbuild-iqi2b9Tv',
188 silly reify   'C:\\Users\\asus\\OneDrive\\Documents\\campus-service-project\\node_modules\\vitest\\node_modules\\.bin\\esbuild': 'C:\\Users\\asus\\OneDrive\\Documents\\campus-service-project\\node_modules\\vitest\\node_modules\\.bin\\.esbuild-30QhtGqu',
188 silly reify   'C:\\Users\\asus\\OneDrive\\Documents\\campus-service-project\\node_modules\\vitest\\node_modules\\.bin\\esbuild.cmd': 'C:\\Users\\asus\\OneDrive\\Documents\\campus-service-project\\node_modules\\vitest\\node_modules\\.bin\\.esbuild.cmd-fVwUf2E8',
188 silly reify   'C:\\Users\\asus\\OneDrive\\Documents\\campus-service-project\\node_modules\\vitest\\node_modules\\.bin\\esbuild.ps1': 'C:\\Users\\asus\\OneDrive\\Documents\\campus-service-project\\node_modules\\vitest\\node_modules\\.bin\\.esbuild.ps1-b9pdGGeG',
188 silly reify   'C:\\Users\\asus\\OneDrive\\Documents\\campus-service-project\\node_modules\\vitest\\node_modules\\vite': 'C:\\Users\\asus\\OneDrive\\Documents\\campus-service-project\\node_modules\\vitest\\node_modules\\.vite-ck3xTMwR',
188 silly reify   'C:\\Users\\asus\\OneDrive\\Documents\\campus-service-project\\node_modules\\vitest\\node_modules\\.bin\\vite': 'C:\\Users\\asus\\OneDrive\\Documents\\campus-service-project\\node_modules\\vitest\\node_modules\\.bin\\.vite-Cvxnmltc',
188 silly reify   'C:\\Users\\asus\\OneDrive\\Documents\\campus-service-project\\node_modules\\vitest\\node_modules\\.bin\\vite.cmd': 'C:\\Users\\asus\\OneDrive\\Documents\\campus-service-project\\node_modules\\vitest\\node_modules\\.bin\\.vite.cmd-4Le0zpOJ',
188 silly reify   'C:\\Users\\asus\\OneDrive\\Documents\\campus-service-project\\node_modules\\vitest\\node_modules\\.bin\\vite.ps1': 'C:\\Users\\asus\\OneDrive\\Documents\\campus-service-project\\node_modules\\vitest\\node_modules\\.bin\\.vite.ps1-5USHXf3C',
188 silly reify   'C:\\Users\\asus\\OneDrive\\Documents\\campus-service-project\\node_modules\\vitest\\node_modules\\@esbuild\\win32-x64': 'C:\\Users\\asus\\OneDrive\\Documents\\campus-service-project\\node_modules\\vitest\\node_modules\\@esbuild\\.win32-x64-dITA1BQe',
188 silly reify   'C:\\Users\\asus\\OneDrive\\Documents\\campus-service-project\\node_modules\\vite': 'C:\\Users\\asus\\OneDrive\\Documents\\campus-service-project\\node_modules\\.vite-x1CbE8NA',
188 silly reify   'C:\\Users\\asus\\OneDrive\\Documents\\campus-service-project\\node_modules\\.bin\\vite': 'C:\\Users\\asus\\OneDrive\\Documents\\campus-service-project\\node_modules\\.bin\\.vite-yMCFQJkB',
188 silly reify   'C:\\Users\\asus\\OneDrive\\Documents\\campus-service-project\\node_modules\\.bin\\vite.cmd': 'C:\\Users\\asus\\OneDrive\\Documents\\campus-service-project\\node_modules\\.bin\\.vite.cmd-MHkxoQEF',
188 silly reify   'C:\\Users\\asus\\OneDrive\\Documents\\campus-service-project\\node_modules\\.bin\\vite.ps1': 'C:\\Users\\asus\\OneDrive\\Documents\\campus-service-project\\node_modules\\.bin\\.vite.ps1-rdChgwnv',
188 silly reify   'C:\\Users\\asus\\OneDrive\\Documents\\campus-service-project\\node_modules\\vite-node\\node_modules\\vite': 'C:\\Users\\asus\\OneDrive\\Documents\\campus-service-project\\node_modules\\vite-node\\node_modules\\.vite-9GYkaHrI',
188 silly reify   'C:\\Users\\asus\\OneDrive\\Documents\\campus-service-project\\node_modules\\vite-node\\node_modules\\.bin\\vite': 'C:\\Users\\asus\\OneDrive\\Documents\\campus-service-project\\node_modules\\vite-node\\node_modules\\.bin\\.vite-nINLJVRS',
188 silly reify   'C:\\Users\\asus\\OneDrive\\Documents\\campus-service-project\\node_modules\\vite-node\\node_modules\\.bin\\vite.cmd': 'C:\\Users\\asus\\OneDrive\\Documents\\campus-service-project\\node_modules\\vite-node\\node_modules\\.bin\\.vite.cmd-iYn1h3U4',
188 silly reify   'C:\\Users\\asus\\OneDrive\\Documents\\campus-service-project\\node_modules\\vite-node\\node_modules\\.bin\\vite.ps1': 'C:\\Users\\asus\\OneDrive\\Documents\\campus-service-project\\node_modules\\vite-node\\node_modules\\.bin\\.vite.ps1-cb6ICQqW',
188 silly reify   'C:\\Users\\asus\\OneDrive\\Documents\\campus-service-project\\node_modules\\vite-node\\node_modules\\esbuild': 'C:\\Users\\asus\\OneDrive\\Documents\\campus-service-project\\node_modules\\vite-node\\node_modules\\.esbuild-dKPbVBNG',
188 silly reify   'C:\\Users\\asus\\OneDrive\\Documents\\campus-service-project\\node_modules\\vite-node\\node_modules\\.bin\\esbuild': 'C:\\Users\\asus\\OneDrive\\Documents\\campus-service-project\\node_modules\\vite-node\\node_modules\\.bin\\.esbuild-OkhcvHpJ',
188 silly reify   'C:\\Users\\asus\\OneDrive\\Documents\\campus-service-project\\node_modules\\vite-node\\node_modules\\.bin\\esbuild.cmd': 'C:\\Users\\asus\\OneDrive\\Documents\\campus-service-project\\node_modules\\vite-node\\node_modules\\.bin\\.esbuild.cmd-9HI68fbC',
188 silly reify   'C:\\Users\\asus\\OneDrive\\Documents\\campus-service-project\\node_modules\\vite-node\\node_modules\\.bin\\esbuild.ps1': 'C:\\Users\\asus\\OneDrive\\Documents\\campus-service-project\\node_modules\\vite-node\\node_modules\\.bin\\.esbuild.ps1-ZOTurMqL',
188 silly reify   'C:\\Users\\asus\\OneDrive\\Documents\\campus-service-project\\node_modules\\vite-node\\node_modules\\@esbuild\\win32-x64': 'C:\\Users\\asus\\OneDrive\\Documents\\campus-service-project\\node_modules\\vite-node\\node_modules\\@esbuild\\.win32-x64-PXkbtjqO',
188 silly reify   'C:\\Users\\asus\\OneDrive\\Documents\\campus-service-project\\node_modules\\@esbuild\\win32-x64': 'C:\\Users\\asus\\OneDrive\\Documents\\campus-service-project\\node_modules\\@esbuild\\.win32-x64-6euYFMom'
188 silly reify }
189 silly audit bulk request {
189 silly audit   '@adobe/css-tools': [ '4.5.0' ],
189 silly audit   '@asamuzakjp/css-color': [ '3.2.0' ],
189 silly audit   'lru-cache': [ '10.4.3', '5.1.1' ],
189 silly audit   '@babel/code-frame': [ '7.29.7' ],
189 silly audit   '@babel/compat-data': [ '7.29.7' ],
189 silly audit   '@babel/core': [ '7.29.7' ],
189 silly audit   '@babel/generator': [ '7.29.7' ],
189 silly audit   '@babel/helper-compilation-targets': [ '7.29.7' ],
189 silly audit   '@babel/helper-globals': [ '7.29.7' ],
189 silly audit   '@babel/helper-module-imports': [ '7.29.7' ],
189 silly audit   '@babel/helper-module-transforms': [ '7.29.7' ],
189 silly audit   '@babel/helper-plugin-utils': [ '7.29.7' ],
189 silly audit   '@babel/helper-string-parser': [ '7.29.7' ],
189 silly audit   '@babel/helper-validator-identifier': [ '7.29.7' ],
189 silly audit   '@babel/helper-validator-option': [ '7.29.7' ],
189 silly audit   '@babel/helpers': [ '7.29.7' ],
189 silly audit   '@babel/parser': [ '7.29.7' ],
189 silly audit   '@babel/plugin-transform-react-jsx-self': [ '7.29.7' ],
189 silly audit   '@babel/plugin-transform-react-jsx-source': [ '7.29.7' ],
189 silly audit   '@babel/runtime': [ '7.29.7' ],
189 silly audit   '@babel/template': [ '7.29.7' ],
189 silly audit   '@babel/traverse': [ '7.29.7' ],
189 silly audit   '@babel/types': [ '7.29.7' ],
189 silly audit   '@csstools/color-helpers': [ '5.1.0' ],
189 silly audit   '@csstools/css-calc': [ '2.1.4' ],
189 silly audit   '@csstools/css-color-parser': [ '3.1.0' ],
189 silly audit   '@csstools/css-parser-algorithms': [ '3.0.5' ],
189 silly audit   '@csstools/css-tokenizer': [ '3.0.4' ],
189 silly audit   '@jridgewell/gen-mapping': [ '0.3.13' ],
189 silly audit   '@jridgewell/remapping': [ '2.3.5' ],
189 silly audit   '@jridgewell/resolve-uri': [ '3.1.2' ],
189 silly audit   '@jridgewell/sourcemap-codec': [ '1.5.5' ],
189 silly audit   '@jridgewell/trace-mapping': [ '0.3.31' ],
189 silly audit   '@rolldown/pluginutils': [ '1.0.0-beta.27' ],
189 silly audit   '@rollup/rollup-android-arm-eabi': [ '4.62.2' ],
189 silly audit   '@rollup/rollup-android-arm64': [ '4.62.2' ],
189 silly audit   '@rollup/rollup-darwin-arm64': [ '4.62.2' ],
189 silly audit   '@rollup/rollup-darwin-x64': [ '4.62.2' ],
189 silly audit   '@rollup/rollup-freebsd-arm64': [ '4.62.2' ],
189 silly audit   '@rollup/rollup-freebsd-x64': [ '4.62.2' ],
189 silly audit   '@rollup/rollup-linux-arm-gnueabihf': [ '4.62.2' ],
189 silly audit   '@rollup/rollup-linux-arm-musleabihf': [ '4.62.2' ],
189 silly audit   '@rollup/rollup-linux-arm64-gnu': [ '4.62.2' ],
189 silly audit   '@rollup/rollup-linux-arm64-musl': [ '4.62.2' ],
189 silly audit   '@rollup/rollup-linux-loong64-gnu': [ '4.62.2' ],
189 silly audit   '@rollup/rollup-linux-loong64-musl': [ '4.62.2' ],
189 silly audit   '@rollup/rollup-linux-ppc64-gnu': [ '4.62.2' ],
189 silly audit   '@rollup/rollup-linux-ppc64-musl': [ '4.62.2' ],
189 silly audit   '@rollup/rollup-linux-riscv64-gnu': [ '4.62.2' ],
189 silly audit   '@rollup/rollup-linux-riscv64-musl': [ '4.62.2' ],
189 silly audit   '@rollup/rollup-linux-s390x-gnu': [ '4.62.2' ],
189 silly audit   '@rollup/rollup-linux-x64-gnu': [ '4.62.2' ],
189 silly audit   '@rollup/rollup-linux-x64-musl': [ '4.62.2' ],
189 silly audit   '@rollup/rollup-openbsd-x64': [ '4.62.2' ],
189 silly audit   '@rollup/rollup-openharmony-arm64': [ '4.62.2' ],
189 silly audit   '@rollup/rollup-win32-arm64-msvc': [ '4.62.2' ],
189 silly audit   '@rollup/rollup-win32-ia32-msvc': [ '4.62.2' ],
189 silly audit   '@rollup/rollup-win32-x64-gnu': [ '4.62.2' ],
189 silly audit   '@rollup/rollup-win32-x64-msvc': [ '4.62.2' ],
189 silly audit   '@testing-library/dom': [ '10.4.1' ],
189 silly audit   '@testing-library/jest-dom': [ '6.9.1' ],
189 silly audit   'dom-accessibility-api': [ '0.6.3', '0.5.16' ],
189 silly audit   '@testing-library/react': [ '16.3.2' ],
189 silly audit   '@testing-library/user-event': [ '14.6.1' ],
189 silly audit   '@types/aria-query': [ '5.0.4' ],
189 silly audit   '@types/babel__core': [ '7.20.5' ],
189 silly audit   '@types/babel__generator': [ '7.27.0' ],
189 silly audit   '@types/babel__template': [ '7.4.4' ],
189 silly audit   '@types/babel__traverse': [ '7.28.0' ],
189 silly audit   '@types/estree': [ '1.0.9' ],
189 silly audit   '@types/react': [ '19.2.17' ],
189 silly audit   '@types/react-dom': [ '19.2.3' ],
189 silly audit   '@vitejs/plugin-react': [ '4.7.0' ],
189 silly audit   '@vitest/expect': [ '2.1.9' ],
189 silly audit   '@vitest/pretty-format': [ '2.1.9' ],
189 silly audit   '@vitest/runner': [ '2.1.9' ],
189 silly audit   '@vitest/snapshot': [ '2.1.9' ],
189 silly audit   '@vitest/spy': [ '2.1.9' ],
189 silly audit   '@vitest/utils': [ '2.1.9' ],
189 silly audit   'agent-base': [ '7.1.4' ],
189 silly audit   'ansi-regex': [ '5.0.1' ],
189 silly audit   'ansi-styles': [ '5.2.0' ],
189 silly audit   'aria-query': [ '5.3.0' ],
189 silly audit   'assertion-error': [ '2.0.1' ],
189 silly audit   asynckit: [ '0.4.0' ],
189 silly audit   'baseline-browser-mapping': [ '2.10.40' ],
189 silly audit   browserslist: [ '4.28.4' ],
189 silly audit   cac: [ '6.7.14' ],
189 silly audit   'call-bind-apply-helpers': [ '1.0.2' ],
189 silly audit   'caniuse-lite': [ '1.0.30001799' ],
189 silly audit   chai: [ '5.3.3' ],
189 silly audit   'check-error': [ '2.1.3' ],
189 silly audit   'combined-stream': [ '1.0.8' ],
189 silly audit   'convert-source-map': [ '2.0.0' ],
189 silly audit   'css.escape': [ '1.5.1' ],
189 silly audit   cssstyle: [ '4.6.0' ],
189 silly audit   'rrweb-cssom': [ '0.8.0', '0.7.1' ],
189 silly audit   csstype: [ '3.2.3' ],
189 silly audit   'data-urls': [ '5.0.0' ],
189 silly audit   debug: [ '4.4.3' ],
189 silly audit   'decimal.js': [ '10.6.0' ],
189 silly audit   'deep-eql': [ '5.0.2' ],
189 silly audit   'delayed-stream': [ '1.0.0' ],
189 silly audit   dequal: [ '2.0.3' ],
189 silly audit   'dunder-proto': [ '1.0.1' ],
189 silly audit   'electron-to-chromium': [ '1.5.381' ],
189 silly audit   entities: [ '6.0.1' ],
189 silly audit   'es-define-property': [ '1.0.1' ],
189 silly audit   'es-errors': [ '1.3.0' ],
189 silly audit   'es-module-lexer': [ '1.7.0' ],
189 silly audit   'es-object-atoms': [ '1.1.2' ],
189 silly audit   'es-set-tostringtag': [ '2.1.0' ],
189 silly audit   escalade: [ '3.2.0' ],
189 silly audit   'estree-walker': [ '3.0.3' ],
189 silly audit   'expect-type': [ '1.4.0' ],
189 silly audit   'form-data': [ '4.0.6' ],
189 silly audit   fsevents: [ '2.3.3' ],
189 silly audit   'function-bind': [ '1.1.2' ],
189 silly audit   gensync: [ '1.0.0-beta.2' ],
189 silly audit   'get-intrinsic': [ '1.3.0' ],
189 silly audit   'get-proto': [ '1.0.1' ],
189 silly audit   gopd: [ '1.2.0' ],
189 silly audit   'has-symbols': [ '1.1.0' ],
189 silly audit   'has-tostringtag': [ '1.0.2' ],
189 silly audit   hasown: [ '2.0.4' ],
189 silly audit   'html-encoding-sniffer': [ '4.0.0' ],
189 silly audit   'http-proxy-agent': [ '7.0.2' ],
189 silly audit   'https-proxy-agent': [ '7.0.6' ],
189 silly audit   'iconv-lite': [ '0.6.3' ],
189 silly audit   'indent-string': [ '4.0.0' ],
189 silly audit   'is-potential-custom-element-name': [ '1.0.1' ],
189 silly audit   'js-tokens': [ '4.0.0' ],
189 silly audit   jsdom: [ '25.0.1' ],
189 silly audit   jsesc: [ '3.1.0' ],
189 silly audit   json5: [ '2.2.3' ],
189 silly audit   loupe: [ '3.2.1' ],
189 silly audit   'lz-string': [ '1.5.0' ],
189 silly audit   'magic-string': [ '0.30.21' ],
189 silly audit   'math-intrinsics': [ '1.1.0' ],
189 silly audit   'mime-db': [ '1.52.0' ],
189 silly audit   'mime-types': [ '2.1.35' ],
189 silly audit   'min-indent': [ '1.0.1' ],
189 silly audit   ms: [ '2.1.3' ],
189 silly audit   nanoid: [ '3.3.15' ],
189 silly audit   'node-releases': [ '2.0.50' ],
189 silly audit   nwsapi: [ '2.2.24' ],
189 silly audit   parse5: [ '7.3.0' ],
189 silly audit   pathe: [ '1.1.2' ],
189 silly audit   pathval: [ '2.0.1' ],
189 silly audit   picocolors: [ '1.1.1' ],
189 silly audit   postcss: [ '8.5.16' ],
189 silly audit   'pretty-format': [ '27.5.1' ],
189 silly audit   punycode: [ '2.3.1' ],
189 silly audit   react: [ '19.2.7' ],
189 silly audit   'react-dom': [ '19.2.7' ],
189 silly audit   'react-is': [ '17.0.2' ],
189 silly audit   'react-refresh': [ '0.17.0' ],
189 silly audit   redent: [ '3.0.0' ],
189 silly audit   rollup: [ '4.62.2' ],
189 silly audit   'safer-buffer': [ '2.1.2' ],
189 silly audit   saxes: [ '6.0.0' ],
189 silly audit   scheduler: [ '0.27.0' ],
189 silly audit   semver: [ '6.3.1' ],
189 silly audit   siginfo: [ '2.0.0' ],
189 silly audit   'source-map-js': [ '1.2.1' ],
189 silly audit   stackback: [ '0.0.2' ],
189 silly audit   'std-env': [ '3.10.0' ],
189 silly audit   'strip-indent': [ '3.0.0' ],
189 silly audit   'symbol-tree': [ '3.2.4' ],
189 silly audit   tinybench: [ '2.9.0' ],
189 silly audit   tinyexec: [ '0.3.2' ],
189 silly audit   tinypool: [ '1.1.1' ],
189 silly audit   tinyrainbow: [ '1.2.0' ],
189 silly audit   tinyspy: [ '3.0.2' ],
189 silly audit   tldts: [ '6.1.86' ],
189 silly audit   'tldts-core': [ '6.1.86' ],
189 silly audit   'tough-cookie': [ '5.1.2' ],
189 silly audit   tr46: [ '5.1.1' ],
189 silly audit   typescript: [ '5.9.3' ],
189 silly audit   'update-browserslist-db': [ '1.2.3' ],
189 silly audit   vite: [ '5.4.21' ],
189 silly audit   'vite-node': [ '2.1.9' ],
189 silly audit   vitest: [ '2.1.9' ],
189 silly audit   '@vitest/mocker': [ '2.1.9' ],
189 silly audit   'w3c-xmlserializer': [ '5.0.0' ],
189 silly audit   'webidl-conversions': [ '7.0.0' ],
189 silly audit   'whatwg-encoding': [ '3.1.1' ],
189 silly audit   'whatwg-mimetype': [ '4.0.0' ],
189 silly audit   'whatwg-url': [ '14.2.0' ],
189 silly audit   'why-is-node-running': [ '2.3.0' ],
189 silly audit   ws: [ '8.21.0' ],
189 silly audit   'xml-name-validator': [ '5.0.0' ],
189 silly audit   xmlchars: [ '2.2.0' ],
189 silly audit   yallist: [ '3.1.1' ],
189 silly audit   esbuild: [ '0.21.5' ],
189 silly audit   '@esbuild/aix-ppc64': [ '0.21.5' ],
189 silly audit   '@esbuild/android-arm': [ '0.21.5' ],
189 silly audit   '@esbuild/android-arm64': [ '0.21.5' ],
189 silly audit   '@esbuild/android-x64': [ '0.21.5' ],
189 silly audit   '@esbuild/darwin-arm64': [ '0.21.5' ],
189 silly audit   '@esbuild/darwin-x64': [ '0.21.5' ],
189 silly audit   '@esbuild/freebsd-arm64': [ '0.21.5' ],
189 silly audit   '@esbuild/freebsd-x64': [ '0.21.5' ],
189 silly audit   '@esbuild/linux-arm': [ '0.21.5' ],
189 silly audit   '@esbuild/linux-arm64': [ '0.21.5' ],
189 silly audit   '@esbuild/linux-ia32': [ '0.21.5' ],
189 silly audit   '@esbuild/linux-loong64': [ '0.21.5' ],
189 silly audit   '@esbuild/linux-mips64el': [ '0.21.5' ],
189 silly audit   '@esbuild/linux-ppc64': [ '0.21.5' ],
189 silly audit   '@esbuild/linux-riscv64': [ '0.21.5' ],
189 silly audit   '@esbuild/linux-s390x': [ '0.21.5' ],
189 silly audit   '@esbuild/linux-x64': [ '0.21.5' ],
189 silly audit   '@esbuild/netbsd-x64': [ '0.21.5' ],
189 silly audit   '@esbuild/openbsd-x64': [ '0.21.5' ],
189 silly audit   '@esbuild/sunos-x64': [ '0.21.5' ],
189 silly audit   '@esbuild/win32-arm64': [ '0.21.5' ],
189 silly audit   '@esbuild/win32-ia32': [ '0.21.5' ],
189 silly audit   '@esbuild/win32-x64': [ '0.21.5' ]
189 silly audit }
190 verbose reify failed optional dependency C:\Users\asus\OneDrive\Documents\campus-service-project\node_modules\@esbuild\win32-ia32
191 silly reify mark deleted [
191 silly reify   'C:\\Users\\asus\\OneDrive\\Documents\\campus-service-project\\node_modules\\@esbuild\\win32-ia32'
191 silly reify ]
192 verbose reify failed optional dependency C:\Users\asus\OneDrive\Documents\campus-service-project\node_modules\@esbuild\win32-arm64
193 silly reify mark deleted [
193 silly reify   'C:\\Users\\asus\\OneDrive\\Documents\\campus-service-project\\node_modules\\@esbuild\\win32-arm64'
193 silly reify ]
194 verbose reify failed optional dependency C:\Users\asus\OneDrive\Documents\campus-service-project\node_modules\@esbuild\sunos-x64
195 silly reify mark deleted [
195 silly reify   'C:\\Users\\asus\\OneDrive\\Documents\\campus-service-project\\node_modules\\@esbuild\\sunos-x64'
195 silly reify ]
196 verbose reify failed optional dependency C:\Users\asus\OneDrive\Documents\campus-service-project\node_modules\@esbuild\openbsd-x64
197 silly reify mark deleted [
197 silly reify   'C:\\Users\\asus\\OneDrive\\Documents\\campus-service-project\\node_modules\\@esbuild\\openbsd-x64'
197 silly reify ]
198 verbose reify failed optional dependency C:\Users\asus\OneDrive\Documents\campus-service-project\node_modules\@esbuild\netbsd-x64
199 silly reify mark deleted [
199 silly reify   'C:\\Users\\asus\\OneDrive\\Documents\\campus-service-project\\node_modules\\@esbuild\\netbsd-x64'
199 silly reify ]
200 verbose reify failed optional dependency C:\Users\asus\OneDrive\Documents\campus-service-project\node_modules\@esbuild\linux-x64
201 silly reify mark deleted [
201 silly reify   'C:\\Users\\asus\\OneDrive\\Documents\\campus-service-project\\node_modules\\@esbuild\\linux-x64'
201 silly reify ]
202 verbose reify failed optional dependency C:\Users\asus\OneDrive\Documents\campus-service-project\node_modules\@esbuild\linux-s390x
203 silly reify mark deleted [
203 silly reify   'C:\\Users\\asus\\OneDrive\\Documents\\campus-service-project\\node_modules\\@esbuild\\linux-s390x'
203 silly reify ]
204 verbose reify failed optional dependency C:\Users\asus\OneDrive\Documents\campus-service-project\node_modules\@esbuild\linux-riscv64
205 silly reify mark deleted [
205 silly reify   'C:\\Users\\asus\\OneDrive\\Documents\\campus-service-project\\node_modules\\@esbuild\\linux-riscv64'
205 silly reify ]
206 verbose reify failed optional dependency C:\Users\asus\OneDrive\Documents\campus-service-project\node_modules\@esbuild\linux-ppc64
207 silly reify mark deleted [
207 silly reify   'C:\\Users\\asus\\OneDrive\\Documents\\campus-service-project\\node_modules\\@esbuild\\linux-ppc64'
207 silly reify ]
208 verbose reify failed optional dependency C:\Users\asus\OneDrive\Documents\campus-service-project\node_modules\@esbuild\linux-mips64el
209 silly reify mark deleted [
209 silly reify   'C:\\Users\\asus\\OneDrive\\Documents\\campus-service-project\\node_modules\\@esbuild\\linux-mips64el'
209 silly reify ]
210 verbose reify failed optional dependency C:\Users\asus\OneDrive\Documents\campus-service-project\node_modules\@esbuild\linux-loong64
211 silly reify mark deleted [
211 silly reify   'C:\\Users\\asus\\OneDrive\\Documents\\campus-service-project\\node_modules\\@esbuild\\linux-loong64'
211 silly reify ]
212 verbose reify failed optional dependency C:\Users\asus\OneDrive\Documents\campus-service-project\node_modules\@esbuild\linux-ia32
213 silly reify mark deleted [
213 silly reify   'C:\\Users\\asus\\OneDrive\\Documents\\campus-service-project\\node_modules\\@esbuild\\linux-ia32'
213 silly reify ]
214 verbose reify failed optional dependency C:\Users\asus\OneDrive\Documents\campus-service-project\node_modules\@esbuild\linux-arm64
215 silly reify mark deleted [
215 silly reify   'C:\\Users\\asus\\OneDrive\\Documents\\campus-service-project\\node_modules\\@esbuild\\linux-arm64'
215 silly reify ]
216 verbose reify failed optional dependency C:\Users\asus\OneDrive\Documents\campus-service-project\node_modules\@esbuild\linux-arm
217 silly reify mark deleted [
217 silly reify   'C:\\Users\\asus\\OneDrive\\Documents\\campus-service-project\\node_modules\\@esbuild\\linux-arm'
217 silly reify ]
218 verbose reify failed optional dependency C:\Users\asus\OneDrive\Documents\campus-service-project\node_modules\@esbuild\freebsd-x64
219 silly reify mark deleted [
219 silly reify   'C:\\Users\\asus\\OneDrive\\Documents\\campus-service-project\\node_modules\\@esbuild\\freebsd-x64'
219 silly reify ]
220 verbose reify failed optional dependency C:\Users\asus\OneDrive\Documents\campus-service-project\node_modules\@esbuild\freebsd-arm64
221 silly reify mark deleted [
221 silly reify   'C:\\Users\\asus\\OneDrive\\Documents\\campus-service-project\\node_modules\\@esbuild\\freebsd-arm64'
221 silly reify ]
222 verbose reify failed optional dependency C:\Users\asus\OneDrive\Documents\campus-service-project\node_modules\@esbuild\darwin-x64
223 silly reify mark deleted [
223 silly reify   'C:\\Users\\asus\\OneDrive\\Documents\\campus-service-project\\node_modules\\@esbuild\\darwin-x64'
223 silly reify ]
224 verbose reify failed optional dependency C:\Users\asus\OneDrive\Documents\campus-service-project\node_modules\@esbuild\darwin-arm64
225 silly reify mark deleted [
225 silly reify   'C:\\Users\\asus\\OneDrive\\Documents\\campus-service-project\\node_modules\\@esbuild\\darwin-arm64'
225 silly reify ]
226 verbose reify failed optional dependency C:\Users\asus\OneDrive\Documents\campus-service-project\node_modules\@esbuild\android-x64
227 silly reify mark deleted [
227 silly reify   'C:\\Users\\asus\\OneDrive\\Documents\\campus-service-project\\node_modules\\@esbuild\\android-x64'
227 silly reify ]
228 verbose reify failed optional dependency C:\Users\asus\OneDrive\Documents\campus-service-project\node_modules\@esbuild\android-arm64
229 silly reify mark deleted [
229 silly reify   'C:\\Users\\asus\\OneDrive\\Documents\\campus-service-project\\node_modules\\@esbuild\\android-arm64'
229 silly reify ]
230 verbose reify failed optional dependency C:\Users\asus\OneDrive\Documents\campus-service-project\node_modules\@esbuild\android-arm
231 silly reify mark deleted [
231 silly reify   'C:\\Users\\asus\\OneDrive\\Documents\\campus-service-project\\node_modules\\@esbuild\\android-arm'
231 silly reify ]
232 verbose reify failed optional dependency C:\Users\asus\OneDrive\Documents\campus-service-project\node_modules\@esbuild\aix-ppc64
233 silly reify mark deleted [
233 silly reify   'C:\\Users\\asus\\OneDrive\\Documents\\campus-service-project\\node_modules\\@esbuild\\aix-ppc64'
233 silly reify ]
234 verbose reify failed optional dependency C:\Users\asus\OneDrive\Documents\campus-service-project\node_modules\fsevents
235 silly reify mark deleted [
235 silly reify   'C:\\Users\\asus\\OneDrive\\Documents\\campus-service-project\\node_modules\\fsevents'
235 silly reify ]
236 verbose reify failed optional dependency C:\Users\asus\OneDrive\Documents\campus-service-project\node_modules\@rollup\rollup-win32-ia32-msvc
237 silly reify mark deleted [
237 silly reify   'C:\\Users\\asus\\OneDrive\\Documents\\campus-service-project\\node_modules\\@rollup\\rollup-win32-ia32-msvc'
237 silly reify ]
238 verbose reify failed optional dependency C:\Users\asus\OneDrive\Documents\campus-service-project\node_modules\@rollup\rollup-win32-arm64-msvc
239 silly reify mark deleted [
239 silly reify   'C:\\Users\\asus\\OneDrive\\Documents\\campus-service-project\\node_modules\\@rollup\\rollup-win32-arm64-msvc'
239 silly reify ]
240 verbose reify failed optional dependency C:\Users\asus\OneDrive\Documents\campus-service-project\node_modules\@rollup\rollup-openharmony-arm64
241 silly reify mark deleted [
241 silly reify   'C:\\Users\\asus\\OneDrive\\Documents\\campus-service-project\\node_modules\\@rollup\\rollup-openharmony-arm64'
241 silly reify ]
242 verbose reify failed optional dependency C:\Users\asus\OneDrive\Documents\campus-service-project\node_modules\@rollup\rollup-openbsd-x64
243 silly reify mark deleted [
243 silly reify   'C:\\Users\\asus\\OneDrive\\Documents\\campus-service-project\\node_modules\\@rollup\\rollup-openbsd-x64'
243 silly reify ]
244 verbose reify failed optional dependency C:\Users\asus\OneDrive\Documents\campus-service-project\node_modules\@rollup\rollup-linux-x64-musl
245 silly reify mark deleted [
245 silly reify   'C:\\Users\\asus\\OneDrive\\Documents\\campus-service-project\\node_modules\\@rollup\\rollup-linux-x64-musl'
245 silly reify ]
246 verbose reify failed optional dependency C:\Users\asus\OneDrive\Documents\campus-service-project\node_modules\@rollup\rollup-linux-x64-gnu
247 silly reify mark deleted [
247 silly reify   'C:\\Users\\asus\\OneDrive\\Documents\\campus-service-project\\node_modules\\@rollup\\rollup-linux-x64-gnu'
247 silly reify ]
248 verbose reify failed optional dependency C:\Users\asus\OneDrive\Documents\campus-service-project\node_modules\@rollup\rollup-linux-s390x-gnu
249 silly reify mark deleted [
249 silly reify   'C:\\Users\\asus\\OneDrive\\Documents\\campus-service-project\\node_modules\\@rollup\\rollup-linux-s390x-gnu'
249 silly reify ]
250 verbose reify failed optional dependency C:\Users\asus\OneDrive\Documents\campus-service-project\node_modules\@rollup\rollup-linux-riscv64-musl
251 silly reify mark deleted [
251 silly reify   'C:\\Users\\asus\\OneDrive\\Documents\\campus-service-project\\node_modules\\@rollup\\rollup-linux-riscv64-musl'
251 silly reify ]
252 verbose reify failed optional dependency C:\Users\asus\OneDrive\Documents\campus-service-project\node_modules\@rollup\rollup-linux-riscv64-gnu
253 silly reify mark deleted [
253 silly reify   'C:\\Users\\asus\\OneDrive\\Documents\\campus-service-project\\node_modules\\@rollup\\rollup-linux-riscv64-gnu'
253 silly reify ]
254 verbose reify failed optional dependency C:\Users\asus\OneDrive\Documents\campus-service-project\node_modules\@rollup\rollup-linux-ppc64-musl
255 silly reify mark deleted [
255 silly reify   'C:\\Users\\asus\\OneDrive\\Documents\\campus-service-project\\node_modules\\@rollup\\rollup-linux-ppc64-musl'
255 silly reify ]
256 verbose reify failed optional dependency C:\Users\asus\OneDrive\Documents\campus-service-project\node_modules\@rollup\rollup-linux-ppc64-gnu
257 silly reify mark deleted [
257 silly reify   'C:\\Users\\asus\\OneDrive\\Documents\\campus-service-project\\node_modules\\@rollup\\rollup-linux-ppc64-gnu'
257 silly reify ]
258 verbose reify failed optional dependency C:\Users\asus\OneDrive\Documents\campus-service-project\node_modules\@rollup\rollup-linux-loong64-musl
259 silly reify mark deleted [
259 silly reify   'C:\\Users\\asus\\OneDrive\\Documents\\campus-service-project\\node_modules\\@rollup\\rollup-linux-loong64-musl'
259 silly reify ]
260 verbose reify failed optional dependency C:\Users\asus\OneDrive\Documents\campus-service-project\node_modules\@rollup\rollup-linux-loong64-gnu
261 silly reify mark deleted [
261 silly reify   'C:\\Users\\asus\\OneDrive\\Documents\\campus-service-project\\node_modules\\@rollup\\rollup-linux-loong64-gnu'
261 silly reify ]
262 verbose reify failed optional dependency C:\Users\asus\OneDrive\Documents\campus-service-project\node_modules\@rollup\rollup-linux-arm64-musl
263 silly reify mark deleted [
263 silly reify   'C:\\Users\\asus\\OneDrive\\Documents\\campus-service-project\\node_modules\\@rollup\\rollup-linux-arm64-musl'
263 silly reify ]
264 verbose reify failed optional dependency C:\Users\asus\OneDrive\Documents\campus-service-project\node_modules\@rollup\rollup-linux-arm64-gnu
265 silly reify mark deleted [
265 silly reify   'C:\\Users\\asus\\OneDrive\\Documents\\campus-service-project\\node_modules\\@rollup\\rollup-linux-arm64-gnu'
265 silly reify ]
266 verbose reify failed optional dependency C:\Users\asus\OneDrive\Documents\campus-service-project\node_modules\@rollup\rollup-linux-arm-musleabihf
267 silly reify mark deleted [
267 silly reify   'C:\\Users\\asus\\OneDrive\\Documents\\campus-service-project\\node_modules\\@rollup\\rollup-linux-arm-musleabihf'
267 silly reify ]
268 verbose reify failed optional dependency C:\Users\asus\OneDrive\Documents\campus-service-project\node_modules\@rollup\rollup-linux-arm-gnueabihf
269 silly reify mark deleted [
269 silly reify   'C:\\Users\\asus\\OneDrive\\Documents\\campus-service-project\\node_modules\\@rollup\\rollup-linux-arm-gnueabihf'
269 silly reify ]
270 verbose reify failed optional dependency C:\Users\asus\OneDrive\Documents\campus-service-project\node_modules\@rollup\rollup-freebsd-x64
271 silly reify mark deleted [
271 silly reify   'C:\\Users\\asus\\OneDrive\\Documents\\campus-service-project\\node_modules\\@rollup\\rollup-freebsd-x64'
271 silly reify ]
272 verbose reify failed optional dependency C:\Users\asus\OneDrive\Documents\campus-service-project\node_modules\@rollup\rollup-freebsd-arm64
273 silly reify mark deleted [
273 silly reify   'C:\\Users\\asus\\OneDrive\\Documents\\campus-service-project\\node_modules\\@rollup\\rollup-freebsd-arm64'
273 silly reify ]
274 verbose reify failed optional dependency C:\Users\asus\OneDrive\Documents\campus-service-project\node_modules\@rollup\rollup-darwin-x64
275 silly reify mark deleted [
275 silly reify   'C:\\Users\\asus\\OneDrive\\Documents\\campus-service-project\\node_modules\\@rollup\\rollup-darwin-x64'
275 silly reify ]
276 verbose reify failed optional dependency C:\Users\asus\OneDrive\Documents\campus-service-project\node_modules\@rollup\rollup-darwin-arm64
277 silly reify mark deleted [
277 silly reify   'C:\\Users\\asus\\OneDrive\\Documents\\campus-service-project\\node_modules\\@rollup\\rollup-darwin-arm64'
277 silly reify ]
278 verbose reify failed optional dependency C:\Users\asus\OneDrive\Documents\campus-service-project\node_modules\@rollup\rollup-android-arm64
279 silly reify mark deleted [
279 silly reify   'C:\\Users\\asus\\OneDrive\\Documents\\campus-service-project\\node_modules\\@rollup\\rollup-android-arm64'
279 silly reify ]
280 verbose reify failed optional dependency C:\Users\asus\OneDrive\Documents\campus-service-project\node_modules\@rollup\rollup-android-arm-eabi
281 silly reify mark deleted [
281 silly reify   'C:\\Users\\asus\\OneDrive\\Documents\\campus-service-project\\node_modules\\@rollup\\rollup-android-arm-eabi'
281 silly reify ]
282 http cache @esbuild/win32-x64@https://registry.npmjs.org/@esbuild/win32-x64/-/win32-x64-0.21.5.tgz 0ms (cache hit)
283 http cache vite@https://registry.npmjs.org/vite/-/vite-5.4.21.tgz 0ms (cache hit)
284 http cache esbuild@https://registry.npmjs.org/esbuild/-/esbuild-0.21.5.tgz 0ms (cache hit)
285 http fetch POST 200 https://registry.npmjs.org/-/npm/v1/security/advisories/bulk 295ms
286 silly audit report {
286 silly audit report   vite: [
286 silly audit report     {
286 silly audit report       id: 1120784,
286 silly audit report       url: 'https://github.com/advisories/GHSA-v6wh-96g9-6wx3',
286 silly audit report       title: 'launch-editor: NTLMv2 hash disclosure via UNC path handling on Windows',
286 silly audit report       severity: 'moderate',
286 silly audit report       vulnerable_versions: '<=6.4.2',
286 silly audit report       cwe: [Array],
286 silly audit report       cvss: [Object]
286 silly audit report     },
286 silly audit report     {
286 silly audit report       id: 1120789,
286 silly audit report       url: 'https://github.com/advisories/GHSA-fx2h-pf6j-xcff',
286 silly audit report       title: 'vite: `server.fs.deny` bypass on Windows alternate paths',
286 silly audit report       severity: 'high',
286 silly audit report       vulnerable_versions: '<=6.4.2',
286 silly audit report       cwe: [Array],
286 silly audit report       cvss: [Object]
286 silly audit report     },
286 silly audit report     {
286 silly audit report       id: 1116229,
286 silly audit report       url: 'https://github.com/advisories/GHSA-4w7w-66w2-5vf9',
286 silly audit report       title: 'Vite Vulnerable to Path Traversal in Optimized Deps `.map` Handling',
286 silly audit report       severity: 'moderate',
286 silly audit report       vulnerable_versions: '<=6.4.1',
286 silly audit report       cwe: [Array],
286 silly audit report       cvss: [Object]
286 silly audit report     }
286 silly audit report   ],
286 silly audit report   vitest: [
286 silly audit report     {
286 silly audit report       id: 1120126,
286 silly audit report       url: 'https://github.com/advisories/GHSA-5xrq-8626-4rwp',
286 silly audit report       title: 'When Vitest UI server is listening, arbitrary file can be read and executed',
286 silly audit report       severity: 'critical',
286 silly audit report       vulnerable_versions: '<3.2.6',
286 silly audit report       cwe: [Array],
286 silly audit report       cvss: [Object]
286 silly audit report     }
286 silly audit report   ],
286 silly audit report   esbuild: [
286 silly audit report     {
286 silly audit report       id: 1102341,
286 silly audit report       url: 'https://github.com/advisories/GHSA-67mh-4wv8-2f99',
286 silly audit report       title: 'esbuild enables any website to send any requests to the development server and read the response',
286 silly audit report       severity: 'moderate',
286 silly audit report       vulnerable_versions: '<=0.24.2',
286 silly audit report       cwe: [Array],
286 silly audit report       cvss: [Object]
286 silly audit report     }
286 silly audit report   ]
286 silly audit report }
287 silly packumentCache corgi:https://registry.npmjs.org/vite cache-miss
288 silly packumentCache corgi:https://registry.npmjs.org/vitest cache-miss
289 silly packumentCache corgi:https://registry.npmjs.org/esbuild cache-miss
290 http cache https://registry.npmjs.org/esbuild 20ms (cache hit)
291 silly packumentCache corgi:https://registry.npmjs.org/esbuild set size:887361 disposed:false
292 http cache https://registry.npmjs.org/vitest 36ms (cache hit)
293 silly packumentCache corgi:https://registry.npmjs.org/vitest set size:1252814 disposed:false
294 http cache https://registry.npmjs.org/vite 66ms (cache hit)
295 silly packumentCache corgi:https://registry.npmjs.org/vite set size:2270582 disposed:false
296 silly packumentCache corgi:https://registry.npmjs.org/@vitejs%2fplugin-react cache-miss
297 silly packumentCache corgi:https://registry.npmjs.org/vite-node cache-miss
298 silly packumentCache corgi:https://registry.npmjs.org/@vitest%2fmocker cache-miss
299 http cache https://registry.npmjs.org/@vitest%2fmocker 32ms (cache hit)
300 silly packumentCache corgi:https://registry.npmjs.org/@vitest%2fmocker set size:118264 disposed:false
301 http cache https://registry.npmjs.org/vite-node 37ms (cache hit)
302 silly packumentCache corgi:https://registry.npmjs.org/vite-node set size:453359 disposed:false
303 info run esbuild@0.21.5 postinstall node_modules/esbuild node install.js
304 http fetch GET 200 https://registry.npmjs.org/@vitejs%2fplugin-react 243ms (cache miss)
305 silly packumentCache corgi:https://registry.npmjs.org/@vitejs%2fplugin-react set size:undefined disposed:false
306 info run esbuild@0.21.5 postinstall { code: 0, signal: null }
307 silly ADD
308 silly ADD
309 silly ADD
310 silly ADD
311 silly ADD
312 silly ADD
313 silly ADD
314 silly ADD
315 silly ADD
316 silly ADD
317 silly ADD
318 silly ADD
319 silly ADD
320 silly ADD
321 silly ADD
322 silly ADD
323 silly ADD
324 silly ADD
325 silly ADD
326 silly ADD
327 silly ADD
328 silly ADD
329 silly ADD
330 silly ADD
331 silly ADD
332 silly ADD
333 silly ADD
334 silly ADD
335 silly ADD
336 silly ADD
337 silly ADD
338 silly ADD
339 silly ADD
340 silly ADD
341 silly ADD
342 silly ADD
343 silly ADD
344 silly ADD
345 silly ADD
346 silly ADD
347 silly ADD
348 silly ADD
349 silly ADD
350 silly ADD
351 silly ADD
352 silly ADD
353 silly CHANGE node_modules/@esbuild/win32-x64
354 silly REMOVE node_modules/vite-node/node_modules/@esbuild/win32-x64
355 silly REMOVE node_modules/vite-node/node_modules/esbuild
356 silly REMOVE node_modules/vite-node/node_modules/vite
357 silly CHANGE node_modules/vite
358 silly REMOVE node_modules/vitest/node_modules/@esbuild/win32-x64
359 silly REMOVE node_modules/vitest/node_modules/vite
360 silly REMOVE node_modules/vitest/node_modules/esbuild
361 silly REMOVE node_modules/tinyglobby
362 silly REMOVE node_modules/picomatch
363 silly REMOVE node_modules/fdir
364 silly CHANGE node_modules/esbuild
365 verbose cwd C:\Users\asus\OneDrive\Documents\campus-service-project
366 verbose os Windows_NT 10.0.26200
367 verbose node v22.21.0
368 verbose npm  v10.9.4
369 verbose exit 0
370 info ok
